mode: atomic
go.taskfleet.io/services/genesis/internal/providers/impl/gcp/utils/iterator.go:16.82,17.6 1 0
go.taskfleet.io/services/genesis/internal/providers/impl/gcp/utils/iterator.go:17.6,19.14 2 0
go.taskfleet.io/services/genesis/internal/providers/impl/gcp/utils/iterator.go:20.12,21.35 1 0
go.taskfleet.io/services/genesis/internal/providers/impl/gcp/utils/iterator.go:24.22,25.14 1 0
go.taskfleet.io/services/genesis/internal/providers/impl/gcp/utils/iterator.go:26.11,27.64 1 0
go.taskfleet.io/services/genesis/internal/providers/impl/gcp/utils/iterator.go:21.35,23.5 1 0
go.taskfleet.io/services/genesis/internal/providers/impl/gcp/utils/strings.go:8.41,10.2 1 1
go.taskfleet.io/services/genesis/internal/providers/impl/gcp/zones/accelerator.go:30.40,32.2 1 1
go.taskfleet.io/services/genesis/internal/providers/impl/gcp/zones/accelerator.go:35.81,36.35 1 4
go.taskfleet.io/services/genesis/internal/providers/impl/gcp/zones/accelerator.go:43.2,44.54 2 3
go.taskfleet.io/services/genesis/internal/providers/impl/gcp/zones/accelerator.go:47.2,53.8 2 3
go.taskfleet.io/services/genesis/internal/providers/impl/gcp/zones/accelerator.go:36.35,40.3 1 1
go.taskfleet.io/services/genesis/internal/providers/impl/gcp/zones/accelerator.go:44.54,46.3 1 1
go.taskfleet.io/services/genesis/internal/providers/impl/gcp/zones/accelerator.go:62.37,64.29 2 6
go.taskfleet.io/services/genesis/internal/providers/impl/gcp/zones/accelerator.go:68.2,72.68 2 6
go.taskfleet.io/services/genesis/internal/providers/impl/gcp/zones/accelerator.go:103.2,103.16 1 6
go.taskfleet.io/services/genesis/internal/providers/impl/gcp/zones/accelerator.go:106.2,106.20 1 5
go.taskfleet.io/services/genesis/internal/providers/impl/gcp/zones/accelerator.go:64.29,66.3 1 9
go.taskfleet.io/services/genesis/internal/providers/impl/gcp/zones/accelerator.go:72.68,74.34 2 9
go.taskfleet.io/services/genesis/internal/providers/impl/gcp/zones/accelerator.go:79.4,79.53 1 8
go.taskfleet.io/services/genesis/internal/providers/impl/gcp/zones/accelerator.go:101.4,101.14 1 8
go.taskfleet.io/services/genesis/internal/providers/impl/gcp/zones/accelerator.go:74.34,77.5 1 1
go.taskfleet.io/services/genesis/internal/providers/impl/gcp/zones/accelerator.go:79.53,81.46 1 12
go.taskfleet.io/services/genesis/internal/providers/impl/gcp/zones/accelerator.go:85.5,86.19 2 11
go.taskfleet.io/services/genesis/internal/providers/impl/gcp/zones/accelerator.go:95.5,99.7 1 9
go.taskfleet.io/services/genesis/internal/providers/impl/gcp/zones/accelerator.go:81.46,82.14 1 1
go.taskfleet.io/services/genesis/internal/providers/impl/gcp/zones/accelerator.go:86.19,91.14 2 2
go.taskfleet.io/services/genesis/internal/providers/impl/gcp/zones/accelerator.go:103.16,105.3 1 1
go.taskfleet.io/services/genesis/internal/providers/impl/gcp/zones/client.go:48.20,59.16 3 0
go.taskfleet.io/services/genesis/internal/providers/impl/gcp/zones/client.go:63.2,65.20 3 0
go.taskfleet.io/services/genesis/internal/providers/impl/gcp/zones/client.go:59.16,61.3 1 0
go.taskfleet.io/services/genesis/internal/providers/impl/gcp/zones/client.go:73.42,78.34 4 1
go.taskfleet.io/services/genesis/internal/providers/impl/gcp/zones/client.go:85.2,85.15 1 1
go.taskfleet.io/services/genesis/internal/providers/impl/gcp/zones/client.go:78.34,80.49 2 2
go.taskfleet.io/services/genesis/internal/providers/impl/gcp/zones/client.go:83.3,83.70 1 2
go.taskfleet.io/services/genesis/internal/providers/impl/gcp/zones/client.go:80.49,82.4 1 3
go.taskfleet.io/services/genesis/internal/providers/impl/gcp/zones/client.go:93.61,95.9 2 2
go.taskfleet.io/services/genesis/internal/providers/impl/gcp/zones/client.go:98.2,98.29 1 1
go.taskfleet.io/services/genesis/internal/providers/impl/gcp/zones/client.go:95.9,97.3 1 1
go.taskfleet.io/services/genesis/internal/providers/impl/gcp/zones/client.go:103.90,105.9 2 3
go.taskfleet.io/services/genesis/internal/providers/impl/gcp/zones/client.go:109.2,109.48 1 2
go.taskfleet.io/services/genesis/internal/providers/impl/gcp/zones/client.go:114.2,114.89 1 1
go.taskfleet.io/services/genesis/internal/providers/impl/gcp/zones/client.go:105.9,107.3 1 1
go.taskfleet.io/services/genesis/internal/providers/impl/gcp/zones/client.go:109.48,110.31 1 2
go.taskfleet.io/services/genesis/internal/providers/impl/gcp/zones/client.go:110.31,112.4 1 1
go.taskfleet.io/services/genesis/internal/providers/impl/gcp/zones/client.go:121.63,122.6 1 0
go.taskfleet.io/services/genesis/internal/providers/impl/gcp/zones/client.go:122.6,123.10 1 0
go.taskfleet.io/services/genesis/internal/providers/impl/gcp/zones/client.go:124.21,125.10 1 0
go.taskfleet.io/services/genesis/internal/providers/impl/gcp/zones/client.go:126.37,128.18 2 0
go.taskfleet.io/services/genesis/internal/providers/impl/gcp/zones/client.go:134.4,136.20 3 0
go.taskfleet.io/services/genesis/internal/providers/impl/gcp/zones/client.go:128.18,130.13 2 0
go.taskfleet.io/services/genesis/internal/providers/impl/gcp/zones/client.go:143.32,146.16 2 1
go.taskfleet.io/services/genesis/internal/providers/impl/gcp/zones/client.go:150.2,153.16 2 1
go.taskfleet.io/services/genesis/internal/providers/impl/gcp/zones/client.go:158.2,159.38 2 1
go.taskfleet.io/services/genesis/internal/providers/impl/gcp/zones/client.go:165.2,165.20 1 1
go.taskfleet.io/services/genesis/internal/providers/impl/gcp/zones/client.go:146.16,148.3 1 0
go.taskfleet.io/services/genesis/internal/providers/impl/gcp/zones/client.go:153.16,155.3 1 0
go.taskfleet.io/services/genesis/internal/providers/impl/gcp/zones/client.go:159.38,164.3 1 2
go.taskfleet.io/services/genesis/internal/providers/impl/gcp/zones/zones.go:22.30,29.16 3 6
go.taskfleet.io/services/genesis/internal/providers/impl/gcp/zones/zones.go:32.2,32.48 1 5
go.taskfleet.io/services/genesis/internal/providers/impl/gcp/zones/zones.go:45.2,47.88 3 4
go.taskfleet.io/services/genesis/internal/providers/impl/gcp/zones/zones.go:55.2,55.20 1 3
go.taskfleet.io/services/genesis/internal/providers/impl/gcp/zones/zones.go:29.16,31.3 1 1
go.taskfleet.io/services/genesis/internal/providers/impl/gcp/zones/zones.go:32.48,35.35 3 7
go.taskfleet.io/services/genesis/internal/providers/impl/gcp/zones/zones.go:41.3,41.27 1 6
go.taskfleet.io/services/genesis/internal/providers/impl/gcp/zones/zones.go:35.35,40.4 1 1
go.taskfleet.io/services/genesis/internal/providers/impl/gcp/zones/zones.go:47.88,48.57 1 9
go.taskfleet.io/services/genesis/internal/providers/impl/gcp/zones/zones.go:51.3,51.13 1 9
go.taskfleet.io/services/genesis/internal/providers/impl/gcp/zones/zones.go:48.57,50.4 1 6
go.taskfleet.io/services/genesis/internal/providers/impl/gcp/zones/zones.go:52.17,54.3 1 1
